<?xml version="1.0" encoding="UTF-8"?>
<!-- Generated by org.testng.reporters.JUnitXMLReporter -->
<testsuite ignored="1" hostname="DESKTOP-B2QSJ40" failures="0" tests="1" name="Default test" time="4.007" errors="0" timestamp="19 Apr 2023 12:40:13 GMT">
  <testcase classname="com.in28minutes.pabeobjects.updatetodo.TodoBasicTest2" name="loginPageObject" time="1.75"/>
  <testcase classname="com.in28minutes.pabeobjects.updatetodo.TodoBasicTest2" name="upadteTodo" time="0.0">
    <ignored/>
  </testcase> <!-- upadteTodo -->
</testsuite> <!-- Default test -->
