<?xml version="1.0" encoding="UTF-8"?>
<testng-results ignored="1" total="2" passed="1" failed="0" skipped="0">
  <reporter-output>
  </reporter-output>
  <suite started-at="2023-04-19T12:40:09Z" name="Default suite" finished-at="2023-04-19T12:40:13Z" duration-ms="4007">
    <groups>
    </groups>
    <test started-at="2023-04-19T12:40:09Z" name="Default test" finished-at="2023-04-19T12:40:13Z" duration-ms="4007">
      <class name="com.in28minutes.pabeobjects.updatetodo.TodoBasicTest2">
        <test-method is-config="true" signature="beforeTest()[pri:0, instance:com.in28minutes.pabeobjects.updatetodo.TodoBasicTest2@573906eb]" started-at="2023-04-19T12:40:09Z" name="beforeTest" finished-at="2023-04-19T12:40:11Z" duration-ms="1991" status="PASS">
          <reporter-output>
          </reporter-output>
        </test-method> <!-- beforeTest -->
        <test-method signature="loginPageObject()[pri:0, instance:com.in28minutes.pabeobjects.updatetodo.TodoBasicTest2@573906eb]" started-at="2023-04-19T12:40:11Z" name="loginPageObject" finished-at="2023-04-19T12:40:13Z" duration-ms="1750" status="PASS">
          <reporter-output>
          </reporter-output>
        </test-method> <!-- loginPageObject -->
        <test-method is-config="true" signature="afterTest()[pri:0, instance:com.in28minutes.pabeobjects.updatetodo.TodoBasicTest2@573906eb]" started-at="2023-04-19T12:40:13Z" name="afterTest" finished-at="2023-04-19T12:40:13Z" duration-ms="238" status="PASS">
          <reporter-output>
          </reporter-output>
        </test-method> <!-- afterTest -->
      </class> <!-- com.in28minutes.pabeobjects.updatetodo.TodoBasicTest2 -->
    </test> <!-- Default test -->
  </suite> <!-- Default suite -->
</testng-results>
